<?xml version="1.0" encoding="UTF-8"?>
<!-- Generated by org.testng.reporters.JUnitXMLReporter -->
<testsuite hostname="Sathyas-MacBook-Air.local" ignored="0" name="Test Name" tests="1" failures="1" timestamp="11 Feb 2018 14:32:34 GMT" time="4.686" errors="0">
  <testcase name="addingTocart" time="0.011" classname="org.testselenium.AmozonAddingToCart">
    <failure type="java.lang.IllegalArgumentException" message="Cannot find elements with a null id attribute.">
      <![CDATA[java.lang.IllegalArgumentException: Cannot find elements with a null id attribute.at org.openqa.selenium.By.id(By.java:53)at org.testselenium.ApplicationLibrary.amozonLogin(ApplicationLibrary.java:18)at org.testselenium.AmozonAddingToCart.addingTocart(AmozonAddingToCart.java:10)... Removed 25 stack frames]]>
    </failure>
  </testcase> <!-- addingTocart -->
</testsuite> <!-- Test Name -->
